# JRE version: OpenJDK Runtime Environment Temurin-21.0.10+7 (21.0.10+7) (build 21.0.10+7-LTS)
# Java VM: OpenJDK 64-Bit Server VM Temurin-21.0.10+7 (21.0.10+7-LTS, mixed mode, sharing, tiered, compressed oops, compressed class ptrs, parallel gc, windows-amd64)
GC Precious Log:
 CardTable entry size: 512
 CPUs: 8 total, 8 available
 Memory: 8029M
 Large Page Support: Disabled
 NUMA Support: Disabled
 Compressed Oops: Enabled (32-bit)
 Alignments: Space 512K, Generation 512K, Heap 2M
 Heap Min Capacity: 100M
 Heap Initial Capacity: 100M
 Heap Max Capacity: 2G
 Pre-touch: Disabled
 Parallel Workers: 8
Heap:
 PSYoungGen      total 9728K, used 3990K [0x00000000d5580000, 0x00000000d6580000, 0x0000000100000000)
  eden space 6656K, 20% used [0x00000000d5580000,0x00000000d56d3900,0x00000000d5c00000)
  from space 3072K, 86% used [0x00000000d5c00000,0x00000000d5e94ce8,0x00000000d5f00000)
  to   space 4096K, 0% used [0x00000000d6180000,0x00000000d6180000,0x00000000d6580000)
 ParOldGen       total 326656K, used 326508K [0x0000000080000000, 0x0000000093f00000, 0x00000000d5580000)
  object space 326656K, 99% used [0x0000000080000000,0x0000000093edb260,0x0000000093f00000)
 Metaspace       used 51165K, committed 52352K, reserved 1114112K
  class space    used 5477K, committed 5952K, reserved 1048576K
GC Heap History (20 events):
Event: 19.781 GC heap before
{Heap before GC invocations=317 (full 2):
 PSYoungGen      total 5120K, used 4980K [0x00000000d5580000, 0x00000000d5c00000, 0x0000000100000000)
  eden space 4096K, 100% used [0x00000000d5580000,0x00000000d5980000,0x00000000d5980000)
  from space 1024K, 86% used [0x00000000d5b00000,0x00000000d5bdd260,0x00000000d5c00000)
  to   space 1024K, 0% used [0x00000000d5a00000,0x00000000d5a00000,0x00000000d5b00000)
 ParOldGen       total 304128K, used 304094K [0x0000000080000000, 0x0000000092900000, 0x00000000d5580000)
  object space 304128K, 99% used [0x0000000080000000,0x00000000928f7808,0x0000000092900000)
 Metaspace       used 50927K, committed 52160K, reserved 1114112K
  class space    used 5436K, committed 5888K, reserved 1048576K
}
Event: 19.783 GC heap after
{Heap after GC invocations=317 (full 2):
 PSYoungGen      total 5632K, used 1019K [0x00000000d5580000, 0x00000000d5f80000, 0x0000000100000000)
  eden space 4608K, 0% used [0x00000000d5580000,0x00000000d5580000,0x00000000d5a00000)
  from space 1024K, 99% used [0x00000000d5a00000,0x00000000d5afefb8,0x00000000d5b00000)
  to   space 2560K, 0% used [0x00000000d5d00000,0x00000000d5d00000,0x00000000d5f80000)
 ParOldGen       total 305152K, used 305013K [0x0000000080000000, 0x0000000092a00000, 0x00000000d5580000)
  object space 305152K, 99% used [0x0000000080000000,0x00000000929dd660,0x0000000092a00000)
 Metaspace       used 50927K, committed 52160K, reserved 1114112K
  class space    used 5436K, committed 5888K, reserved 1048576K
}
Event: 19.793 GC heap before
{Heap before GC invocations=318 (full 2):
 PSYoungGen      total 5632K, used 5627K [0x00000000d5580000, 0x00000000d5f80000, 0x0000000100000000)
  eden space 4608K, 100% used [0x00000000d5580000,0x00000000d5a00000,0x00000000d5a00000)
  from space 1024K, 99% used [0x00000000d5a00000,0x00000000d5afefb8,0x00000000d5b00000)
  to   space 2560K, 0% used [0x00000000d5d00000,0x00000000d5d00000,0x00000000d5f80000)
 ParOldGen       total 305152K, used 305013K [0x0000000080000000, 0x0000000092a00000, 0x00000000d5580000)
  object space 305152K, 99% used [0x0000000080000000,0x00000000929dd660,0x0000000092a00000)
 Metaspace       used 50927K, committed 52160K, reserved 1114112K
  class space    used 5436K, committed 5888K, reserved 1048576K
}
Event: 19.795 GC heap after
{Heap after GC invocations=318 (full 2):
 PSYoungGen      total 7680K, used 1425K [0x00000000d5580000, 0x00000000d5f00000, 0x0000000100000000)
  eden space 5632K, 0% used [0x00000000d5580000,0x00000000d5580000,0x00000000d5b00000)
  from space 2048K, 69% used [0x00000000d5d00000,0x00000000d5e64680,0x00000000d5f00000)
  to   space 2048K, 0% used [0x00000000d5b00000,0x00000000d5b00000,0x00000000d5d00000)
 ParOldGen       total 306176K, used 305956K [0x0000000080000000, 0x0000000092b00000, 0x00000000d5580000)
  object space 306176K, 99% used [0x0000000080000000,0x0000000092ac9228,0x0000000092b00000)
 Metaspace       used 50927K, committed 52160K, reserved 1114112K
  class space    used 5436K, committed 5888K, reserved 1048576K
}
Event: 19.803 GC heap before
{Heap before GC invocations=319 (full 2):
 PSYoungGen      total 7680K, used 7052K [0x00000000d5580000, 0x00000000d5f00000, 0x0000000100000000)
  eden space 5632K, 99% used [0x00000000d5580000,0x00000000d5afec30,0x00000000d5b00000)
  from space 2048K, 69% used [0x00000000d5d00000,0x00000000d5e64680,0x00000000d5f00000)
  to   space 2048K, 0% used [0x00000000d5b00000,0x00000000d5b00000,0x00000000d5d00000)
 ParOldGen       total 306176K, used 305956K [0x0000000080000000, 0x0000000092b00000, 0x00000000d5580000)
  object space 306176K, 99% used [0x0000000080000000,0x0000000092ac9228,0x0000000092b00000)
 Metaspace       used 50930K, committed 52160K, reserved 1114112K
  class space    used 5436K, committed 5888K, reserved 1048576K
}
Event: 19.804 GC heap after
{Heap after GC invocations=319 (full 2):
 PSYoungGen      total 7680K, used 1761K [0x00000000d5580000, 0x00000000d6080000, 0x0000000100000000)
  eden space 5632K, 0% used [0x00000000d5580000,0x00000000d5580000,0x00000000d5b00000)
  from space 2048K, 86% used [0x00000000d5b00000,0x00000000d5cb8598,0x00000000d5d00000)
  to   space 2048K, 0% used [0x00000000d5e80000,0x00000000d5e80000,0x00000000d6080000)
 ParOldGen       total 307712K, used 307233K [0x0000000080000000, 0x0000000092c80000, 0x00000000d5580000)
  object space 307712K, 99% used [0x0000000080000000,0x0000000092c084b8,0x0000000092c80000)
 Metaspace       used 50930K, committed 52160K, reserved 1114112K
  class space    used 5436K, committed 5888K, reserved 1048576K
}
Event: 19.811 GC heap before
{Heap before GC invocations=320 (full 2):
 PSYoungGen      total 7680K, used 7393K [0x00000000d5580000, 0x00000000d6080000, 0x0000000100000000)
  eden space 5632K, 100% used [0x00000000d5580000,0x00000000d5b00000,0x00000000d5b00000)
  from space 2048K, 86% used [0x00000000d5b00000,0x00000000d5cb8598,0x00000000d5d00000)
  to   space 2048K, 0% used [0x00000000d5e80000,0x00000000d5e80000,0x00000000d6080000)
 ParOldGen       total 307712K, used 307233K [0x0000000080000000, 0x0000000092c80000, 0x00000000d5580000)
  object space 307712K, 99% used [0x0000000080000000,0x0000000092c084b8,0x0000000092c80000)
 Metaspace       used 50933K, committed 52160K, reserved 1114112K
  class space    used 5436K, committed 5888K, reserved 1048576K
}
Event: 19.814 GC heap after
{Heap after GC invocations=320 (full 2):
 PSYoungGen      total 8704K, used 2043K [0x00000000d5580000, 0x00000000d6180000, 0x0000000100000000)
  eden space 6656K, 0% used [0x00000000d5580000,0x00000000d5580000,0x00000000d5c00000)
  from space 2048K, 99% used [0x00000000d5e80000,0x00000000d607ec88,0x00000000d6080000)
  to   space 2560K, 0% used [0x00000000d5c00000,0x00000000d5c00000,0x00000000d5e80000)
 ParOldGen       total 309248K, used 308969K [0x0000000080000000, 0x0000000092e00000, 0x00000000d5580000)
  object space 309248K, 99% used [0x0000000080000000,0x0000000092dba440,0x0000000092e00000)
 Metaspace       used 50933K, committed 52160K, reserved 1114112K
  class space    used 5436K, committed 5888K, reserved 1048576K
}
Event: 19.823 GC heap before
{Heap before GC invocations=321 (full 2):
 PSYoungGen      total 8704K, used 8647K [0x00000000d5580000, 0x00000000d6180000, 0x0000000100000000)
  eden space 6656K, 99% used [0x00000000d5580000,0x00000000d5bf3310,0x00000000d5c00000)
  from space 2048K, 99% used [0x00000000d5e80000,0x00000000d607ec88,0x00000000d6080000)
  to   space 2560K, 0% used [0x00000000d5c00000,0x00000000d5c00000,0x00000000d5e80000)
 ParOldGen       total 309248K, used 308969K [0x0000000080000000, 0x0000000092e00000, 0x00000000d5580000)
  object space 309248K, 99% used [0x0000000080000000,0x0000000092dba440,0x0000000092e00000)
 Metaspace       used 50946K, committed 52224K, reserved 1114112K
  class space    used 5438K, committed 5952K, reserved 1048576K
}
Event: 19.825 GC heap after
{Heap after GC invocations=321 (full 2):
 PSYoungGen      total 9216K, used 2431K [0x00000000d5580000, 0x00000000d6280000, 0x0000000100000000)
  eden space 6656K, 0% used [0x00000000d5580000,0x00000000d5580000,0x00000000d5c00000)
  from space 2560K, 94% used [0x00000000d5c00000,0x00000000d5e5fda8,0x00000000d5e80000)
  to   space 2560K, 0% used [0x00000000d6000000,0x00000000d6000000,0x00000000d6280000)
 ParOldGen       total 311296K, used 310855K [0x0000000080000000, 0x0000000093000000, 0x00000000d5580000)
  object space 311296K, 99% used [0x0000000080000000,0x0000000092f91f60,0x0000000093000000)
 Metaspace       used 50946K, committed 52224K, reserved 1114112K
  class space    used 5438K, committed 5952K, reserved 1048576K
}
Event: 19.836 GC heap before
{Heap before GC invocations=322 (full 2):
 PSYoungGen      total 9216K, used 9070K [0x00000000d5580000, 0x00000000d6280000, 0x0000000100000000)
  eden space 6656K, 99% used [0x00000000d5580000,0x00000000d5bfbb10,0x00000000d5c00000)
  from space 2560K, 94% used [0x00000000d5c00000,0x00000000d5e5fda8,0x00000000d5e80000)
  to   space 2560K, 0% used [0x00000000d6000000,0x00000000d6000000,0x00000000d6280000)
 ParOldGen       total 311296K, used 310855K [0x0000000080000000, 0x0000000093000000, 0x00000000d5580000)
  object space 311296K, 99% used [0x0000000080000000,0x0000000092f91f60,0x0000000093000000)
 Metaspace       used 50949K, committed 52224K, reserved 1114112K
  class space    used 5438K, committed 5952K, reserved 1048576K
}
Event: 19.838 GC heap after
{Heap after GC invocations=322 (full 2):
 PSYoungGen      total 9216K, used 2412K [0x00000000d5580000, 0x00000000d6280000, 0x0000000100000000)
  eden space 6656K, 0% used [0x00000000d5580000,0x00000000d5580000,0x00000000d5c00000)
  from space 2560K, 94% used [0x00000000d6000000,0x00000000d625b388,0x00000000d6280000)
  to   space 2560K, 0% used [0x00000000d5c00000,0x00000000d5c00000,0x00000000d5e80000)
 ParOldGen       total 313344K, used 313131K [0x0000000080000000, 0x0000000093200000, 0x00000000d5580000)
  object space 313344K, 99% used [0x0000000080000000,0x00000000931cafa0,0x0000000093200000)
 Metaspace       used 50949K, committed 52224K, reserved 1114112K
  class space    used 5438K, committed 5952K, reserved 1048576K
}
Event: 19.847 GC heap before
{Heap before GC invocations=323 (full 2):
 PSYoungGen      total 9216K, used 9067K [0x00000000d5580000, 0x00000000d6280000, 0x0000000100000000)
  eden space 6656K, 99% used [0x00000000d5580000,0x00000000d5bffb00,0x00000000d5c00000)
  from space 2560K, 94% used [0x00000000d6000000,0x00000000d625b388,0x00000000d6280000)
  to   space 2560K, 0% used [0x00000000d5c00000,0x00000000d5c00000,0x00000000d5e80000)
 ParOldGen       total 313344K, used 313131K [0x0000000080000000, 0x0000000093200000, 0x00000000d5580000)
  object space 313344K, 99% used [0x0000000080000000,0x00000000931cafa0,0x0000000093200000)
 Metaspace       used 50949K, committed 52224K, reserved 1114112K
  class space    used 5438K, committed 5952K, reserved 1048576K
}
Event: 19.954 GC heap after
{Heap after GC invocations=323 (full 2):
 PSYoungGen      total 9216K, used 2506K [0x00000000d5580000, 0x00000000d6280000, 0x0000000100000000)
  eden space 6656K, 0% used [0x00000000d5580000,0x00000000d5580000,0x00000000d5c00000)
  from space 2560K, 97% used [0x00000000d5c00000,0x00000000d5e72b40,0x00000000d5e80000)
  to   space 2560K, 0% used [0x00000000d6000000,0x00000000d6000000,0x00000000d6280000)
 ParOldGen       total 315904K, used 315443K [0x0000000080000000, 0x0000000093480000, 0x00000000d5580000)
  object space 315904K, 99% used [0x0000000080000000,0x000000009340cdc0,0x0000000093480000)
 Metaspace       used 50949K, committed 52224K, reserved 1114112K
  class space    used 5438K, committed 5952K, reserved 1048576K
}
Event: 19.963 GC heap before
{Heap before GC invocations=324 (full 2):
 PSYoungGen      total 9216K, used 9162K [0x00000000d5580000, 0x00000000d6280000, 0x0000000100000000)
  eden space 6656K, 100% used [0x00000000d5580000,0x00000000d5c00000,0x00000000d5c00000)
  from space 2560K, 97% used [0x00000000d5c00000,0x00000000d5e72b40,0x00000000d5e80000)
  to   space 2560K, 0% used [0x00000000d6000000,0x00000000d6000000,0x00000000d6280000)
 ParOldGen       total 315904K, used 315443K [0x0000000080000000, 0x0000000093480000, 0x00000000d5580000)
  object space 315904K, 99% used [0x0000000080000000,0x000000009340cdc0,0x0000000093480000)
 Metaspace       used 50975K, committed 52224K, reserved 1114112K
  class space    used 5441K, committed 5952K, reserved 1048576K
}
Event: 19.965 GC heap after
{Heap after GC invocations=324 (full 2):
 PSYoungGen      total 10752K, used 2513K [0x00000000d5580000, 0x00000000d6280000, 0x0000000100000000)
  eden space 8192K, 0% used [0x00000000d5580000,0x00000000d5580000,0x00000000d5d80000)
  from space 2560K, 98% used [0x00000000d6000000,0x00000000d6274498,0x00000000d6280000)
  to   space 2560K, 0% used [0x00000000d5d80000,0x00000000d5d80000,0x00000000d6000000)
 ParOldGen       total 318464K, used 317959K [0x0000000080000000, 0x0000000093700000, 0x00000000d5580000)
  object space 318464K, 99% used [0x0000000080000000,0x0000000093681c30,0x0000000093700000)
 Metaspace       used 50975K, committed 52224K, reserved 1114112K
  class space    used 5441K, committed 5952K, reserved 1048576K
}
Event: 19.979 GC heap before
{Heap before GC invocations=325 (full 2):
 PSYoungGen      total 10752K, used 10693K [0x00000000d5580000, 0x00000000d6280000, 0x0000000100000000)
  eden space 8192K, 99% used [0x00000000d5580000,0x00000000d5d7d1e8,0x00000000d5d80000)
  from space 2560K, 98% used [0x00000000d6000000,0x00000000d6274498,0x00000000d6280000)
  to   space 2560K, 0% used [0x00000000d5d80000,0x00000000d5d80000,0x00000000d6000000)
 ParOldGen       total 318464K, used 317959K [0x0000000080000000, 0x0000000093700000, 0x00000000d5580000)
  object space 318464K, 99% used [0x0000000080000000,0x0000000093681c30,0x0000000093700000)
 Metaspace       used 51005K, committed 52224K, reserved 1114112K
  class space    used 5448K, committed 5952K, reserved 1048576K
}
Event: 20.994 GC heap after
{Heap after GC invocations=325 (full 2):
 PSYoungGen      total 10752K, used 2551K [0x00000000d5580000, 0x00000000d6480000, 0x0000000100000000)
  eden space 8192K, 0% used [0x00000000d5580000,0x00000000d5580000,0x00000000d5d80000)
  from space 2560K, 99% used [0x00000000d5d80000,0x00000000d5ffdde0,0x00000000d6000000)
  to   space 2560K, 0% used [0x00000000d6200000,0x00000000d6200000,0x00000000d6480000)
 ParOldGen       total 321536K, used 321169K [0x0000000080000000, 0x0000000093a00000, 0x00000000d5580000)
  object space 321536K, 99% used [0x0000000080000000,0x00000000939a4620,0x0000000093a00000)
 Metaspace       used 51005K, committed 52224K, reserved 1114112K
  class space    used 5448K, committed 5952K, reserved 1048576K
}
Event: 21.055 GC heap before
{Heap before GC invocations=326 (full 2):
 PSYoungGen      total 10752K, used 10743K [0x00000000d5580000, 0x00000000d6480000, 0x0000000100000000)
  eden space 8192K, 100% used [0x00000000d5580000,0x00000000d5d80000,0x00000000d5d80000)
  from space 2560K, 99% used [0x00000000d5d80000,0x00000000d5ffdde0,0x00000000d6000000)
  to   space 2560K, 0% used [0x00000000d6200000,0x00000000d6200000,0x00000000d6480000)
 ParOldGen       total 321536K, used 321169K [0x0000000080000000, 0x0000000093a00000, 0x00000000d5580000)
  object space 321536K, 99% used [0x0000000080000000,0x00000000939a4620,0x0000000093a00000)
 Metaspace       used 51027K, committed 52224K, reserved 1114112K
  class space    used 5452K, committed 5952K, reserved 1048576K
}
Event: 21.057 GC heap after
{Heap after GC invocations=326 (full 2):
 PSYoungGen      total 9216K, used 2559K [0x00000000d5580000, 0x00000000d6b80000, 0x0000000100000000)
  eden space 6656K, 0% used [0x00000000d5580000,0x00000000d5580000,0x00000000d5c00000)
  from space 2560K, 99% used [0x00000000d6200000,0x00000000d647fc58,0x00000000d6480000)
  to   space 6144K, 0% used [0x00000000d5c00000,0x00000000d5c00000,0x00000000d6200000)
 ParOldGen       total 324096K, used 324080K [0x0000000080000000, 0x0000000093c80000, 0x00000000d5580000)
  object space 324096K, 99% used [0x0000000080000000,0x0000000093c7c098,0x0000000093c80000)
 Metaspace       used 51027K, committed 52224K, reserved 1114112K
  class space    used 5452K, committed 5952K, reserved 1048576K
}

